<?xml version="1.0" encoding="UTF-8"?>
<testsuites name="01_Login" time="28.048" tests="2" failures="0" errors="0">
   <testsuite name="01_Login" tests="2" failures="0" errors="0" time="28.048" timestamp="2019-11-08 09:11:40" hostname="lozturk - 172.18.6.22" id="Test Suites/01_Login">
      <properties>
         <property name="deviceName" value=""/>
         <property name="devicePlatform" value=""/>
         <property name="logFolder" value="/Users/lozturk/git/KatalonBakeryTest/Reports/20191108_091139/01_Login/20191108_091139"/>
         <property name="logFiles" value="/Users/lozturk/git/KatalonBakeryTest/Reports/20191108_091139/01_Login/20191108_091139/execution0.log"/>
         <property name="attachments" value=""/>
         <property name="hostName" value="lozturk - 172.18.6.22"/>
         <property name="os" value="Mac OS X 64bit"/>
         <property name="katalonVersion" value="7.0.5.1"/>
         <property name="browser" value="Chrome 78.0.3904.97"/>
         <property name="hostAddress" value="172.18.6.22"/>
         <property name="sessionId" value="691369a477653bf55649bb4aac30b37e"/>
         <property name="seleniumVersion" value="3.141.59"/>
         <property name="proxyInformation" value="ProxyInformation{proxyOption=NO_PROXY, proxyServerType=HTTP, password=, proxyServerAddress=, proxyServerPort=0}"/>
         <property name="platform" value="Mac OS X"/>
      </properties>
      <testcase name="Test Cases/02_First Sample UI_Red/Login_User_Test" time="16.072" classname="Test Cases/02_First Sample UI_Red/Login_User_Test" status="PASSED">
         <system-out><![CDATA[2019-11-08 09:11:40 - [TEST_CASE][PASSED] - Test Cases/02_First Sample UI_Red/Login_User_Test: Test Cases/02_First Sample UI_Red/Login_User_Test

2019-11-08 09:11:41 - [TEST_STEP][PASSED] - openBrowser(""): Browser is opened with url: ''

2019-11-08 09:11:41 - [MESSAGE][INFO] - Starting 'Chrome' driver

2019-11-08 09:11:41 - [MESSAGE][INFO] - Action delay is set to 0 seconds

2019-11-08 09:11:42 - [MESSAGE][PASSED] - Browser is opened with url: ''

2019-11-08 09:11:42 - [TEST_STEP][PASSED] - navigateToUrl("https://bakery.demo.vaadin.com/login.html"): Navigate to 'https://bakery.demo.vaadin.com/login.html' successfully

2019-11-08 09:11:44 - [MESSAGE][PASSED] - Navigate to 'https://bakery.demo.vaadin.com/login.html' successfully

2019-11-08 09:11:44 - [TEST_STEP][PASSED] - setText(findTestObject("02_Second UI/Page_Bakery/input_Email_username"), "barista@vaadin.com"): Text 'barista@vaadin.com' is set on object 'Object Repository/02_Second UI/Page_Bakery/input_Email_username'

2019-11-08 09:11:44 - [MESSAGE][PASSED] - Text 'barista@vaadin.com' is set on object 'Object Repository/02_Second UI/Page_Bakery/input_Email_username'

2019-11-08 09:11:44 - [TEST_STEP][PASSED] - setEncryptedText(findTestObject("02_Second UI/Page_Bakery/input_Password_password"), "aAAOQOuXuiQ="): Text ****** has been set on object 'Object Repository/02_Second UI/Page_Bakery/input_Password_password'

2019-11-08 09:11:45 - [MESSAGE][PASSED] - Text ****** has been set on object 'Object Repository/02_Second UI/Page_Bakery/input_Password_password'

2019-11-08 09:11:45 - [TEST_STEP][PASSED] - click(findTestObject("02_Second UI/Page_Bakery/button_Sign in")): Object: 'Object Repository/02_Second UI/Page_Bakery/button_Sign in' is clicked on

2019-11-08 09:11:48 - [MESSAGE][PASSED] - Object: 'Object Repository/02_Second UI/Page_Bakery/button_Sign in' is clicked on

2019-11-08 09:11:48 - [TEST_STEP][PASSED] - click(findTestObject("02_Second UI/Page_Bakery/div_Storefront")): Object: 'Object Repository/02_Second UI/Page_Bakery/div_Storefront' is clicked on

2019-11-08 09:11:49 - [MESSAGE][PASSED] - Object: 'Object Repository/02_Second UI/Page_Bakery/div_Storefront' is clicked on

2019-11-08 09:11:49 - [TEST_STEP][PASSED] - delay(2): Delayed 2 second(s)

2019-11-08 09:11:51 - [MESSAGE][PASSED] - Delayed 2 second(s)

2019-11-08 09:11:51 - [TEST_STEP][PASSED] - verifyMatch(getUrl(), "https://bakery.demo.vaadin.com/#!storefront", false): Actual text 'https://bakery.demo.vaadin.com/#!storefront' and expected text 'https://bakery.demo.vaadin.com/#!storefront' are matched 

2019-11-08 09:11:51 - [MESSAGE][PASSED] - Current window's url is: 'https://bakery.demo.vaadin.com/#!storefront'

2019-11-08 09:11:51 - [MESSAGE][PASSED] - Actual text 'https://bakery.demo.vaadin.com/#!storefront' and expected text 'https://bakery.demo.vaadin.com/#!storefront' are matched 

2019-11-08 09:11:51 - [TEST_STEP][PASSED] - click(findTestObject("02_Second UI/Page_Bakery/div_Dashboard")): Object: 'Object Repository/02_Second UI/Page_Bakery/div_Dashboard' is clicked on

2019-11-08 09:11:52 - [MESSAGE][PASSED] - Object: 'Object Repository/02_Second UI/Page_Bakery/div_Dashboard' is clicked on

2019-11-08 09:11:52 - [TEST_STEP][PASSED] - delay(2): Delayed 2 second(s)

2019-11-08 09:11:54 - [MESSAGE][PASSED] - Delayed 2 second(s)

2019-11-08 09:11:54 - [TEST_STEP][PASSED] - verifyMatch(getUrl(), "https://bakery.demo.vaadin.com/#!dashboard", false): Actual text 'https://bakery.demo.vaadin.com/#!dashboard' and expected text 'https://bakery.demo.vaadin.com/#!dashboard' are matched 

2019-11-08 09:11:54 - [MESSAGE][PASSED] - Current window's url is: 'https://bakery.demo.vaadin.com/#!dashboard'

2019-11-08 09:11:54 - [MESSAGE][PASSED] - Actual text 'https://bakery.demo.vaadin.com/#!dashboard' and expected text 'https://bakery.demo.vaadin.com/#!dashboard' are matched 

2019-11-08 09:11:54 - [TEST_STEP][PASSED] - click(findTestObject("02_Second UI/Page_Bakery/div_Log out")): Object: 'Object Repository/02_Second UI/Page_Bakery/div_Log out' is clicked on

2019-11-08 09:11:54 - [MESSAGE][PASSED] - Object: 'Object Repository/02_Second UI/Page_Bakery/div_Log out' is clicked on

2019-11-08 09:11:54 - [TEST_STEP][PASSED] - delay(2): Delayed 2 second(s)

2019-11-08 09:11:56 - [MESSAGE][PASSED] - Delayed 2 second(s)

2019-11-08 09:11:56 - [TEST_STEP][PASSED] - verifyMatch(getUrl(), "https://bakery.demo.vaadin.com/login.html#!dashboard", false): Actual text 'https://bakery.demo.vaadin.com/login.html#!dashboard' and expected text 'https://bakery.demo.vaadin.com/login.html#!dashboard' are matched 

2019-11-08 09:11:56 - [MESSAGE][PASSED] - Current window's url is: 'https://bakery.demo.vaadin.com/login.html#!dashboard'

2019-11-08 09:11:56 - [MESSAGE][PASSED] - Actual text 'https://bakery.demo.vaadin.com/login.html#!dashboard' and expected text 'https://bakery.demo.vaadin.com/login.html#!dashboard' are matched 

2019-11-08 09:11:56 - [TEST_STEP][PASSED] - closeBrowser(): Browser is closed

2019-11-08 09:11:56 - [MESSAGE][PASSED] - Browser is closed]]></system-out>
         <system-err><![CDATA[]]></system-err>
      </testcase>
      <testcase name="Test Cases/01_First Sample UI_Blue/Login_Admin_Test" time="11.764" classname="Test Cases/01_First Sample UI_Blue/Login_Admin_Test" status="PASSED">
         <system-out><![CDATA[2019-11-08 09:11:56 - [TEST_CASE][PASSED] - Test Cases/01_First Sample UI_Blue/Login_Admin_Test: Test Cases/01_First Sample UI_Blue/Login_Admin_Test

2019-11-08 09:11:56 - [TEST_STEP][PASSED] - openBrowser(""): Browser is opened with url: ''

2019-11-08 09:11:56 - [MESSAGE][INFO] - Starting 'Chrome' driver

2019-11-08 09:11:57 - [MESSAGE][PASSED] - Browser is opened with url: ''

2019-11-08 09:11:57 - [TEST_STEP][PASSED] - navigateToUrl("https://bakery-flow.demo.vaadin.com/login"): Navigate to 'https://bakery-flow.demo.vaadin.com/login' successfully

2019-11-08 09:11:59 - [MESSAGE][PASSED] - Navigate to 'https://bakery-flow.demo.vaadin.com/login' successfully

2019-11-08 09:11:59 - [TEST_STEP][PASSED] - setText(findTestObject("01_First_UI/Page_bakery/input_Explore the code and customize the st_69d70a"), "admin@vaadin.com"): Text 'admin@vaadin.com' is set on object 'Object Repository/01_First_UI/Page_bakery/input_Explore the code and customize the st_69d70a'

2019-11-08 09:12:00 - [MESSAGE][PASSED] - Text 'admin@vaadin.com' is set on object 'Object Repository/01_First_UI/Page_bakery/input_Explore the code and customize the st_69d70a'

2019-11-08 09:12:00 - [TEST_STEP][PASSED] - setEncryptedText(findTestObject("01_First_UI/Page_bakery/input_Explore the code and customize the st_b9b14a"), "RAIVpflpDOg="): Text ****** has been set on object 'Object Repository/01_First_UI/Page_bakery/input_Explore the code and customize the st_b9b14a'

2019-11-08 09:12:01 - [MESSAGE][PASSED] - Text ****** has been set on object 'Object Repository/01_First_UI/Page_bakery/input_Explore the code and customize the st_b9b14a'

2019-11-08 09:12:01 - [TEST_STEP][PASSED] - click(findTestObject("01_First_UI/Page_bakery/vaadin-button_Sign in")): Object: 'Object Repository/01_First_UI/Page_bakery/vaadin-button_Sign in' is clicked on

2019-11-08 09:12:03 - [MESSAGE][PASSED] - Object: 'Object Repository/01_First_UI/Page_bakery/vaadin-button_Sign in' is clicked on

2019-11-08 09:12:03 - [TEST_STEP][PASSED] - click(findTestObject("01_First_UI/Page_Storefront/a_Users")): Object: 'Object Repository/01_First_UI/Page_Storefront/a_Users' is clicked on

2019-11-08 09:12:04 - [MESSAGE][PASSED] - Object: 'Object Repository/01_First_UI/Page_Storefront/a_Users' is clicked on

2019-11-08 09:12:04 - [TEST_STEP][PASSED] - waitForPageLoad(10, STOP_ON_FAILURE): Wait for page load successfully

2019-11-08 09:12:04 - [MESSAGE][PASSED] - Wait for page load successfully

2019-11-08 09:12:04 - [TEST_STEP][PASSED] - delay(2): Delayed 2 second(s)

2019-11-08 09:12:06 - [MESSAGE][PASSED] - Delayed 2 second(s)

2019-11-08 09:12:06 - [TEST_STEP][PASSED] - verifyWindowTitle("Users"): null

2019-11-08 09:12:06 - [TEST_STEP][PASSED] - titleWindow = getWindowTitle(): Current window's title is: 'Users'

2019-11-08 09:12:06 - [MESSAGE][PASSED] - Current window's title is: 'Users'

2019-11-08 09:12:06 - [TEST_STEP][PASSED] - verifyMatch(titleWindow, title, true): Actual text 'Users' and expected text 'Users' are matched  using regular expression

2019-11-08 09:12:06 - [MESSAGE][PASSED] - Actual text 'Users' and expected text 'Users' are matched  using regular expression

2019-11-08 09:12:06 - [TEST_STEP][PASSED] - verifyElementText(findTestObject("01_First_UI/Page_Users/vaadin-grid-cell-content_admin"), "admin"): Actual text and expected text of test object 'Object Repository/01_First_UI/Page_Users/vaadin-grid-cell-content_admin' are matched.

2019-11-08 09:12:06 - [MESSAGE][PASSED] - Actual text and expected text of test object 'Object Repository/01_First_UI/Page_Users/vaadin-grid-cell-content_admin' are matched.

2019-11-08 09:12:06 - [TEST_STEP][PASSED] - click(findTestObject("01_First_UI/Page_Users/a_Logout")): Object: 'Object Repository/01_First_UI/Page_Users/a_Logout' is clicked on

2019-11-08 09:12:08 - [MESSAGE][PASSED] - Object: 'Object Repository/01_First_UI/Page_Users/a_Logout' is clicked on

2019-11-08 09:12:08 - [TEST_STEP][PASSED] - closeBrowser(): Browser is closed

2019-11-08 09:12:08 - [MESSAGE][PASSED] - Browser is closed]]></system-out>
         <system-err><![CDATA[]]></system-err>
      </testcase>
      <system-out><![CDATA[2019-11-08 09:11:40 - [TEST_SUITE][PASSED] - 01_Login: Test Cases/01_First Sample UI_Blue/Login_Admin_Test]]></system-out>
      <system-err><![CDATA[]]></system-err>
   </testsuite>
</testsuites>
